H.sapiens_HADHA_trifunctional_enzyme_subunit_alpha_mitochondrial_	100.000	763	0	0	0.0	1555	H.sapiens_HADHA_trifunctional_enzyme_subunit_alpha_mitochondrial_
E.caballus_HADHA_trifunctional_enzyme_subunit_alpha_mitochondrial	92.520	762	57	0	0.0	1442	E.caballus_HADHA_trifunctional_enzyme_subunit_alpha_mitochondrial
F.catus_HADHA_trifunctional_enzyme_subunit_alpha_mitochondrial	89.908	763	77	0	0.0	1420	F.catus_HADHA_trifunctional_enzyme_subunit_alpha_mitochondrial
G.gallus_HADHA_trifunctional_enzyme_subunit_alpha_mitochondrial	77.705	767	165	1	0.0	1249	G.gallus_HADHA_trifunctional_enzyme_subunit_alpha_mitochondrial
C.mydas_HADHA_trifunctional_enzyme_subunit_alpha_mitochondrial_is	79.195	745	155	0	0.0	1230	C.mydas_HADHA_trifunctional_enzyme_subunit_alpha_mitochondrial_is
X.laevis_hadha.L_trifunctional_enzyme_subunit_alpha_mitochondrial	77.720	763	167	1	0.0	1206	X.laevis_hadha.L_trifunctional_enzyme_subunit_alpha_mitochondrial
X.laevis_hadha.S_hydroxyacylCoA_dehydrogenase_trifunctional_multi	77.326	763	170	1	0.0	1206	X.laevis_hadha.S_hydroxyacylCoA_dehydrogenase_trifunctional_multi
C.carcharias_LOC121278346_trifunctional_enzyme_subunit_alpha_mito	73.228	762	204	0	0.0	1174	C.carcharias_LOC121278346_trifunctional_enzyme_subunit_alpha_mito
D.rerio_hadhab_hydroxyacylCoA_dehydrogenase_trifunctional_multien	72.215	763	212	0	0.0	1146	D.rerio_hadhab_hydroxyacylCoA_dehydrogenase_trifunctional_multien
S.salar_LOC106611334_trifunctional_enzyme_subunit_alpha_mitochond	72.084	763	212	1	0.0	1138	S.salar_LOC106611334_trifunctional_enzyme_subunit_alpha_mitochond
G.aculeatus_hadhab_hydroxyacylCoA_dehydrogenase_trifunctional_mul	71.260	762	219	0	0.0	1133	G.aculeatus_hadhab_hydroxyacylCoA_dehydrogenase_trifunctional_mul
S.salar_hadhab_hydroxyacylCoA_dehydrogenase_trifunctional_multien	71.560	763	217	0	0.0	1125	S.salar_hadhab_hydroxyacylCoA_dehydrogenase_trifunctional_multien
D.rerio_hadhaa_hydroxyacylCoA_dehydrogenase_trifunctional_multien	72.335	741	205	0	0.0	1111	D.rerio_hadhaa_hydroxyacylCoA_dehydrogenase_trifunctional_multien
S.townsendi_HADHA_trifunctional_enzyme_subunit_alpha_mitochondria	78.116	658	144	0	0.0	1063	S.townsendi_HADHA_trifunctional_enzyme_subunit_alpha_mitochondria
D.rerio_ehhadh_peroxisomal_bifunctional_enzyme	31.058	718	428	14	5.88e-97	319	D.rerio_ehhadh_peroxisomal_bifunctional_enzyme
C.mydas_EHHADH_peroxisomal_bifunctional_enzyme	31.329	715	433	16	7.95e-95	313	C.mydas_EHHADH_peroxisomal_bifunctional_enzyme
S.townsendi_EHHADH_peroxisomal_bifunctional_enzyme	31.944	720	426	17	2.58e-90	302	S.townsendi_EHHADH_peroxisomal_bifunctional_enzyme
X.laevis_ehhadh.S_peroxisomal_bifunctional_enzyme	30.694	720	429	16	5.66e-90	300	X.laevis_ehhadh.S_peroxisomal_bifunctional_enzyme
S.salar_ehhadh_peroxisomal_bifunctional_enzyme	29.793	725	448	13	3.73e-87	293	S.salar_ehhadh_peroxisomal_bifunctional_enzyme
H.sapiens_EHHADH_peroxisomal_bifunctional_enzyme_isoform_1	29.973	744	448	20	2.94e-85	288	H.sapiens_EHHADH_peroxisomal_bifunctional_enzyme_isoform_1
G.gallus_EHHADH_peroxisomal_bifunctional_enzyme_isoform_X2	32.695	679	399	16	1.33e-84	287	G.gallus_EHHADH_peroxisomal_bifunctional_enzyme_isoform_X2
G.aculeatus_ehhadh_peroxisomal_bifunctional_enzyme	30.181	719	434	17	1.72e-80	275	G.aculeatus_ehhadh_peroxisomal_bifunctional_enzyme
F.catus_EHHADH_peroxisomal_bifunctional_enzyme	30.133	750	439	23	8.12e-77	265	F.catus_EHHADH_peroxisomal_bifunctional_enzyme
E.caballus_EHHADH_peroxisomal_bifunctional_enzyme	28.762	751	456	23	1.15e-69	245	E.caballus_EHHADH_peroxisomal_bifunctional_enzyme
X.laevis_hadh.L_hydroxyacylCoA_dehydrogenase_L_homeolog	34.602	289	179	5	1.66e-46	171	X.laevis_hadh.L_hydroxyacylCoA_dehydrogenase_L_homeolog
S.salar_LOC106610339_hydroxyacylcoenzyme_A_dehydrogenase_mitochon	34.713	314	187	7	2.44e-44	166	S.salar_LOC106610339_hydroxyacylcoenzyme_A_dehydrogenase_mitochon
D.rerio_hadh_hydroxyacylcoenzyme_A_dehydrogenase_mitochondrial	33.788	293	186	4	5.70e-44	164	D.rerio_hadh_hydroxyacylcoenzyme_A_dehydrogenase_mitochondrial
S.salar_hadh_hydroxyacylcoenzyme_A_dehydrogenase_mitochondrial	34.076	314	189	7	3.29e-43	161	S.salar_hadh_hydroxyacylcoenzyme_A_dehydrogenase_mitochondrial
S.townsendi_HADH_hydroxyacylcoenzyme_A_dehydrogenase_mitochondria	34.256	289	180	4	1.99e-42	159	S.townsendi_HADH_hydroxyacylcoenzyme_A_dehydrogenase_mitochondria
F.catus_HADH_hydroxyacylcoenzyme_A_dehydrogenase_mitochondrial	33.333	294	176	5	4.72e-42	158	F.catus_HADH_hydroxyacylcoenzyme_A_dehydrogenase_mitochondrial
C.mydas_HADH_hydroxyacylcoenzyme_A_dehydrogenase_mitochondrial	33.788	293	176	5	4.53e-41	155	C.mydas_HADH_hydroxyacylcoenzyme_A_dehydrogenase_mitochondrial
G.aculeatus_hadh_hydroxyacylcoenzyme_A_dehydrogenase_mitochondria	33.333	288	184	4	5.51e-41	156	G.aculeatus_hadh_hydroxyacylcoenzyme_A_dehydrogenase_mitochondria
E.caballus_HADH_hydroxyacylcoenzyme_A_dehydrogenase_mitochondrial	31.879	298	175	7	1.04e-39	152	E.caballus_HADH_hydroxyacylcoenzyme_A_dehydrogenase_mitochondrial
C.carcharias_hadh_hydroxyacylcoenzyme_A_dehydrogenase_mitochondri	32.056	287	187	3	1.32e-39	151	C.carcharias_hadh_hydroxyacylcoenzyme_A_dehydrogenase_mitochondri
H.sapiens_HADH_hydroxyacylcoenzyme_A_dehydrogenase_mitochondrial_	31.803	305	183	4	3.26e-39	151	H.sapiens_HADH_hydroxyacylcoenzyme_A_dehydrogenase_mitochondrial_
G.gallus_HADH_hydroxyacylcoenzyme_A_dehydrogenase_mitochondrial	31.769	277	169	6	7.01e-33	134	G.gallus_HADH_hydroxyacylcoenzyme_A_dehydrogenase_mitochondrial
S.salar_auh_methylglutaconylCoA_hydratase_mitochondrial	34.728	239	145	5	1.03e-29	123	S.salar_auh_methylglutaconylCoA_hydratase_mitochondrial
D.rerio_auh_methylglutaconylCoA_hydratase_mitochondrial	33.083	266	156	8	3.55e-29	122	D.rerio_auh_methylglutaconylCoA_hydratase_mitochondrial
G.aculeatus_auh_methylglutaconylCoA_hydratase_mitochondrial	31.802	283	183	6	5.55e-28	118	G.aculeatus_auh_methylglutaconylCoA_hydratase_mitochondrial
C.carcharias_auh_methylglutaconylCoA_hydratase_mitochondrial_isof	33.333	234	145	5	7.38e-27	115	C.carcharias_auh_methylglutaconylCoA_hydratase_mitochondrial_isof
S.townsendi_AUH_methylglutaconylCoA_hydratase_mitochondrial_isofo	33.047	233	147	5	4.51e-26	113	S.townsendi_AUH_methylglutaconylCoA_hydratase_mitochondrial_isofo
C.mydas_AUH_methylglutaconylCoA_hydratase_mitochondrial_isoform_X	32.618	233	148	5	5.83e-26	112	C.mydas_AUH_methylglutaconylCoA_hydratase_mitochondrial_isoform_X
X.laevis_auh.S_AU_RNA_binding_proteinenoylCoA_hydratase_S_homeolo	32.479	234	147	5	2.82e-25	110	X.laevis_auh.S_AU_RNA_binding_proteinenoylCoA_hydratase_S_homeolo
S.townsendi_ECHS1_enoylCoA_hydratase_mitochondrial	39.326	178	101	5	3.01e-25	111	S.townsendi_ECHS1_enoylCoA_hydratase_mitochondrial
G.aculeatus_echs1_enoylCoA_hydratase_mitochondrial	39.130	184	103	6	3.64e-25	109	G.aculeatus_echs1_enoylCoA_hydratase_mitochondrial
C.mydas_ECHDC2_enoylCoA_hydratase_domaincontaining_protein_2_mito	30.657	274	176	7	9.93e-25	108	C.mydas_ECHDC2_enoylCoA_hydratase_domaincontaining_protein_2_mito
X.laevis_LOC495229_methylglutaconylCoA_hydratase_mitochondrial_is	36.000	175	108	3	1.98e-24	108	X.laevis_LOC495229_methylglutaconylCoA_hydratase_mitochondrial_is
C.carcharias_echs1_enoylCoA_hydratase_mitochondrial	37.569	181	100	6	2.31e-24	107	C.carcharias_echs1_enoylCoA_hydratase_mitochondrial
C.mydas_ECHS1_enoylCoA_hydratase_mitochondrial	35.294	204	122	6	3.89e-24	106	C.mydas_ECHS1_enoylCoA_hydratase_mitochondrial
S.townsendi_ECHDC2_enoylCoA_hydratase_domaincontaining_protein_2_	29.339	242	160	5	3.94e-24	106	S.townsendi_ECHDC2_enoylCoA_hydratase_domaincontaining_protein_2_
G.gallus_ECHDC2_enoylCoA_hydratase_domaincontaining_protein_2_mit	31.381	239	153	5	4.91e-24	105	G.gallus_ECHDC2_enoylCoA_hydratase_domaincontaining_protein_2_mit
E.caballus_ECHS1_enoylCoA_hydratase_mitochondrial	34.389	221	136	6	1.00e-23	105	E.caballus_ECHS1_enoylCoA_hydratase_mitochondrial
F.catus_ECHS1_enoylCoA_hydratase_mitochondrial	35.955	178	107	5	1.94e-23	104	F.catus_ECHS1_enoylCoA_hydratase_mitochondrial
C.carcharias_echdc2_enoylCoA_hydratase_domaincontaining_protein_2	30.488	246	158	6	2.15e-23	105	C.carcharias_echdc2_enoylCoA_hydratase_domaincontaining_protein_2
X.laevis_echs1.L_enoylCoA_hydratase_short_chain_1_mitochondrial_L	34.783	207	121	7	2.80e-23	103	X.laevis_echs1.L_enoylCoA_hydratase_short_chain_1_mitochondrial_L
X.laevis_LOC108714324_enoylCoA_hydratase_domaincontaining_protein	31.086	267	169	7	4.82e-23	103	X.laevis_LOC108714324_enoylCoA_hydratase_domaincontaining_protein
D.rerio_echs1_enoylCoA_hydratase_mitochondrial	34.649	228	128	9	8.74e-23	102	D.rerio_echs1_enoylCoA_hydratase_mitochondrial
H.sapiens_ECHDC2_enoylCoA_hydratase_domaincontaining_protein_2_mi	32.243	214	139	4	9.61e-23	102	H.sapiens_ECHDC2_enoylCoA_hydratase_domaincontaining_protein_2_mi
S.salar_echs1_enoylCoA_hydratase_mitochondrial_precursor	37.838	185	102	6	1.20e-22	102	S.salar_echs1_enoylCoA_hydratase_mitochondrial_precursor
G.gallus_ECHS1_enoylCoA_hydratase_mitochondrial_isoform_X1	38.202	178	103	5	5.35e-22	102	G.gallus_ECHS1_enoylCoA_hydratase_mitochondrial_isoform_X1
F.catus_ECHDC2_enoylCoA_hydratase_domaincontaining_protein_2_mito	32.673	202	119	4	1.72e-21	99.0	F.catus_ECHDC2_enoylCoA_hydratase_domaincontaining_protein_2_mito
H.sapiens_ECHS1_enoylCoA_hydratase_mitochondrial	33.708	178	111	4	1.66e-20	95.9	H.sapiens_ECHS1_enoylCoA_hydratase_mitochondrial
G.aculeatus_echdc2_enoylCoA_hydratase_domaincontaining_protein_2_	38.217	157	92	3	1.90e-20	96.3	G.aculeatus_echdc2_enoylCoA_hydratase_domaincontaining_protein_2_
G.gallus_AUH_methylglutaconylCoA_hydratase_mitochondrial_isoform_	29.183	257	149	6	2.60e-20	96.3	G.gallus_AUH_methylglutaconylCoA_hydratase_mitochondrial_isoform_
S.salar_LOC106584286_enoylCoA_hydratase_domaincontaining_protein_	28.058	278	177	5	5.70e-19	92.0	S.salar_LOC106584286_enoylCoA_hydratase_domaincontaining_protein_
E.caballus_ECHDC2_enoylCoA_hydratase_domaincontaining_protein_2_m	32.432	185	105	4	1.01e-18	90.9	E.caballus_ECHDC2_enoylCoA_hydratase_domaincontaining_protein_2_m
D.rerio_echdc2_enoylCoA_hydratase_domaincontaining_protein_2_mito	31.633	196	106	5	4.56e-18	89.0	D.rerio_echdc2_enoylCoA_hydratase_domaincontaining_protein_2_mito
S.townsendi_ECI1_enoylCoA_delta_isomerase_1_mitochondrial	35.829	187	108	3	4.74e-17	85.5	S.townsendi_ECI1_enoylCoA_delta_isomerase_1_mitochondrial
D.rerio_echdc1_ethylmalonylCoA_decarboxylase_isoform_1	27.670	206	136	5	8.01e-16	82.0	D.rerio_echdc1_ethylmalonylCoA_decarboxylase_isoform_1
G.aculeatus_ech1_delta35Delta24dienoylCoA_isomerase_mitochondrial	31.522	184	111	6	9.54e-16	82.0	G.aculeatus_ech1_delta35Delta24dienoylCoA_isomerase_mitochondrial
S.salar_ech1_delta35Delta24dienoylCoA_isomerase_mitochondrial	29.911	224	132	8	3.26e-15	80.5	S.salar_ech1_delta35Delta24dienoylCoA_isomerase_mitochondrial
D.rerio_zgc:101569_uncharacterized_protein_LOC449822_isoform_1	29.317	249	156	9	3.47e-15	80.5	D.rerio_zgc:101569_uncharacterized_protein_LOC449822_isoform_1
X.laevis_XB941699.L_uncharacterized_protein_LOC100127286_isoform_	29.189	185	125	5	4.72e-15	80.1	X.laevis_XB941699.L_uncharacterized_protein_LOC100127286_isoform_
D.rerio_ech1_delta35Delta24dienoylCoA_isomerase_mitochondrial	32.418	182	106	7	5.98e-15	79.7	D.rerio_ech1_delta35Delta24dienoylCoA_isomerase_mitochondrial
D.rerio_ech1_delta35Delta24dienoylCoA_isomerase_mitochondrial	32.418	182	106	7	6.93e-15	79.3	D.rerio_ech1_delta35Delta24dienoylCoA_isomerase_mitochondrial
X.laevis_LOC108719127_probable_enoylCoA_hydratase_echA8	30.159	189	120	7	1.71e-14	78.2	X.laevis_LOC108719127_probable_enoylCoA_hydratase_echA8
H.sapiens_ECH1_delta35Delta24dienoylCoA_isomerase_mitochondrial_p	31.868	182	107	7	1.71e-14	78.6	H.sapiens_ECH1_delta35Delta24dienoylCoA_isomerase_mitochondrial_p
H.sapiens_ECH1_delta35Delta24dienoylCoA_isomerase_mitochondrial_p	31.868	182	107	7	1.71e-14	78.6	H.sapiens_ECH1_delta35Delta24dienoylCoA_isomerase_mitochondrial_p
H.sapiens_AUH_methylglutaconylCoA_hydratase_mitochondrial_isoform	30.901	233	152	5	2.04e-14	78.6	H.sapiens_AUH_methylglutaconylCoA_hydratase_mitochondrial_isoform
E.caballus_AUH_methylglutaconylCoA_hydratase_mitochondrial_isofor	30.472	233	153	5	3.78e-14	77.8	E.caballus_AUH_methylglutaconylCoA_hydratase_mitochondrial_isofor
X.laevis_eci1.L_enoylCoA_delta_isomerase_1_L_homeolog	32.759	174	114	2	4.02e-14	77.0	X.laevis_eci1.L_enoylCoA_delta_isomerase_1_L_homeolog
C.mydas_ECH1_delta35Delta24dienoylCoA_isomerase_mitochondrial_iso	28.947	190	120	5	4.44e-14	77.0	C.mydas_ECH1_delta35Delta24dienoylCoA_isomerase_mitochondrial_iso
G.gallus_ECH1_delta35Delta24dienoylCoA_isomerase_mitochondrial_is	29.333	225	138	8	4.65e-14	77.0	G.gallus_ECH1_delta35Delta24dienoylCoA_isomerase_mitochondrial_is
S.townsendi_ECH1_delta35Delta24dienoylCoA_isomerase_mitochondrial	29.730	185	115	5	9.71e-14	75.1	S.townsendi_ECH1_delta35Delta24dienoylCoA_isomerase_mitochondrial
C.carcharias_ech1_delta35Delta24dienoylCoA_isomerase_mitochondria	29.412	187	109	7	1.37e-13	75.5	C.carcharias_ech1_delta35Delta24dienoylCoA_isomerase_mitochondria
E.caballus_ECI1_enoylCoA_delta_isomerase_1_mitochondrial_isoform_	29.310	174	120	2	2.86e-13	74.3	E.caballus_ECI1_enoylCoA_delta_isomerase_1_mitochondrial_isoform_
C.carcharias_zgc:101569_probable_enoylCoA_hydratase	28.571	203	129	7	6.09e-13	73.6	C.carcharias_zgc:101569_probable_enoylCoA_hydratase
G.gallus_ECI1_enoylCoA_delta_isomerase_1_mitochondrial	30.732	205	125	5	8.07e-13	73.2	G.gallus_ECI1_enoylCoA_delta_isomerase_1_mitochondrial
S.townsendi_LOC125438952_carnitinylCoA_dehydrataselike	28.372	215	130	8	1.07e-12	72.8	S.townsendi_LOC125438952_carnitinylCoA_dehydrataselike
H.sapiens_ECI1_enoylCoA_delta_isomerase_1_mitochondrial_isoform_2	29.310	174	120	2	1.18e-12	72.8	H.sapiens_ECI1_enoylCoA_delta_isomerase_1_mitochondrial_isoform_2
F.catus_ECH1_delta35Delta24dienoylCoA_isomerase_mitochondrial	30.220	182	110	7	1.61e-12	72.4	F.catus_ECH1_delta35Delta24dienoylCoA_isomerase_mitochondrial
S.salar_LOC106606271_enoylCoA_delta_isomerase_1_mitochondrial_iso	30.317	221	139	4	1.74e-12	72.0	S.salar_LOC106606271_enoylCoA_delta_isomerase_1_mitochondrial_iso
S.salar_zgc:101569_23dehydroadipylCoA_hydratase_isoform_X1	32.124	193	111	8	1.87e-12	72.4	S.salar_zgc:101569_23dehydroadipylCoA_hydratase_isoform_X1
X.laevis_ech1.L_enoylCoA_hydratase_1_peroxisomal_L_homeolog_isofo	30.387	181	111	5	2.81e-12	71.6	X.laevis_ech1.L_enoylCoA_hydratase_1_peroxisomal_L_homeolog_isofo
D.rerio_eci1_enoylCoA_delta_isomerase_1_mitochondrial	27.132	258	165	6	3.25e-12	71.2	D.rerio_eci1_enoylCoA_delta_isomerase_1_mitochondrial
C.mydas_ECI1_enoylCoA_delta_isomerase_1_mitochondrial	30.270	185	126	2	3.53e-12	71.2	C.mydas_ECI1_enoylCoA_delta_isomerase_1_mitochondrial
F.catus_AUH_methylglutaconylCoA_hydratase_mitochondrial_isoform_X	32.000	175	115	3	3.73e-12	72.8	F.catus_AUH_methylglutaconylCoA_hydratase_mitochondrial_isoform_X
C.mydas_LOC102947766_mevalonylcoenzyme_A_hydratase_sidH	27.604	192	127	6	5.83e-12	70.9	C.mydas_LOC102947766_mevalonylcoenzyme_A_hydratase_sidH
S.salar_LOC106592647_enoylCoA_delta_isomerase_1_mitochondriallike	30.317	221	139	4	7.31e-12	70.1	S.salar_LOC106592647_enoylCoA_delta_isomerase_1_mitochondriallike
X.laevis_echdc1.L_ethylmalonylCoA_decarboxylase	26.904	197	128	5	7.67e-12	70.1	X.laevis_echdc1.L_ethylmalonylCoA_decarboxylase
F.catus_ECI1_enoylCoA_delta_isomerase_1_mitochondrial_isoform_X1	29.310	174	120	2	8.30e-12	70.1	F.catus_ECI1_enoylCoA_delta_isomerase_1_mitochondrial_isoform_X1
D.rerio_hibch_3hydroxyisobutyrylCoA_hydrolase_mitochondrial	26.761	213	141	8	2.16e-11	69.7	D.rerio_hibch_3hydroxyisobutyrylCoA_hydrolase_mitochondrial
G.aculeatus_eci1_enoylCoA_delta_isomerase_1_mitochondrial	29.121	182	126	2	2.22e-11	68.9	G.aculeatus_eci1_enoylCoA_delta_isomerase_1_mitochondrial
S.townsendi_ECHDC1_ethylmalonylCoA_decarboxylase_isoform_X1	26.087	207	131	7	2.35e-11	68.9	S.townsendi_ECHDC1_ethylmalonylCoA_decarboxylase_isoform_X1
C.mydas_ECHDC1_ethylmalonylCoA_decarboxylase_isoform_X1	25.381	197	131	6	8.23e-11	67.4	C.mydas_ECHDC1_ethylmalonylCoA_decarboxylase_isoform_X1
E.caballus_ECH1_delta35Delta24dienoylCoA_isomerase_mitochondrial	28.902	173	109	4	9.06e-11	67.4	E.caballus_ECH1_delta35Delta24dienoylCoA_isomerase_mitochondrial
G.gallus_ECHDC1_ethylmalonylCoA_decarboxylase_isoform_X1	25.000	196	131	5	9.64e-11	67.0	G.gallus_ECHDC1_ethylmalonylCoA_decarboxylase_isoform_X1
S.salar_LOC106572885_ethylmalonylCoA_decarboxylaselike_isoform_X1	25.424	177	124	4	1.46e-10	66.6	S.salar_LOC106572885_ethylmalonylCoA_decarboxylaselike_isoform_X1
G.aculeatus_echdc1_ethylmalonylCoA_decarboxylase_isoform_X1	26.554	177	122	4	1.99e-10	66.2	G.aculeatus_echdc1_ethylmalonylCoA_decarboxylase_isoform_X1
S.salar_echdc2_LOW_QUALITY_PROTEIN_enoylCoA_hydratase_domainconta	39.773	88	49	2	5.03e-10	62.8	S.salar_echdc2_LOW_QUALITY_PROTEIN_enoylCoA_hydratase_domainconta
S.salar_LOC106599002_ethylmalonylCoA_decarboxylaselike_isoform_X3	24.859	177	125	4	5.37e-10	65.1	S.salar_LOC106599002_ethylmalonylCoA_decarboxylaselike_isoform_X3
G.gallus_HIBCH_3hydroxyisobutyrylCoA_hydrolase_mitochondrial_isof	29.508	183	117	7	6.45e-10	65.1	G.gallus_HIBCH_3hydroxyisobutyrylCoA_hydrolase_mitochondrial_isof
E.caballus_ECHDC1_ethylmalonylCoA_decarboxylase_isoform_X1	23.529	204	142	5	6.80e-10	64.3	E.caballus_ECHDC1_ethylmalonylCoA_decarboxylase_isoform_X1
F.catus_ECHDC1_ethylmalonylCoA_decarboxylase_isoform_X1	24.020	204	141	5	6.92e-10	64.3	F.catus_ECHDC1_ethylmalonylCoA_decarboxylase_isoform_X1
E.caballus_CRYL1_lambdacrystallin_homolog	28.636	220	139	5	9.96e-10	63.9	E.caballus_CRYL1_lambdacrystallin_homolog
S.salar_hibch_3hydroxyisobutyrylCoA_hydrolase_mitochondrial	25.688	218	142	9	1.04e-09	64.3	S.salar_hibch_3hydroxyisobutyrylCoA_hydrolase_mitochondrial
F.catus_CRYL1_lambdacrystallin_homolog	26.697	221	142	6	1.17e-09	63.9	F.catus_CRYL1_lambdacrystallin_homolog
G.gallus_CRYL1_lambdacrystallin_homolog	26.852	216	150	4	1.50e-09	63.5	G.gallus_CRYL1_lambdacrystallin_homolog
C.carcharias_eci1_enoylCoA_delta_isomerase_1_mitochondrial_isofor	26.971	241	134	4	1.71e-09	63.5	C.carcharias_eci1_enoylCoA_delta_isomerase_1_mitochondrial_isofor
X.laevis_hibch.L_3hydroxyisobutyrylCoA_hydrolase_mitochondrial	27.778	180	122	7	1.93e-09	63.5	X.laevis_hibch.L_3hydroxyisobutyrylCoA_hydrolase_mitochondrial
C.mydas_CDYL_chromodomain_Ylike_protein	26.554	177	121	4	2.34e-09	63.9	C.mydas_CDYL_chromodomain_Ylike_protein
G.aculeatus_hibch_3hydroxyisobutyrylCoA_hydrolase_mitochondrial	25.000	216	146	8	2.38e-09	63.2	G.aculeatus_hibch_3hydroxyisobutyrylCoA_hydrolase_mitochondrial
H.sapiens_CRYL1_lambdacrystallin_homolog_isoform_2	27.632	228	146	6	3.05e-09	62.4	H.sapiens_CRYL1_lambdacrystallin_homolog_isoform_2
C.carcharias_cdyl_chromodomain_Ylike_protein_isoform_X2	25.714	175	121	4	3.10e-09	63.5	C.carcharias_cdyl_chromodomain_Ylike_protein_isoform_X2
G.gallus_CDYL_chromodomain_Ylike_protein_isoform_X1	26.286	175	120	4	3.80e-09	63.2	G.gallus_CDYL_chromodomain_Ylike_protein_isoform_X1
S.townsendi_CDYL_chromodomain_Ylike_protein	26.286	175	120	4	4.49e-09	63.2	S.townsendi_CDYL_chromodomain_Ylike_protein
G.aculeatus_cryl1_lambdacrystallin_homolog	23.881	268	190	6	4.86e-09	62.0	G.aculeatus_cryl1_lambdacrystallin_homolog
S.townsendi_CDYL2_chromodomain_Ylike_protein_2_isoform_X2	26.705	176	122	3	5.07e-09	62.8	S.townsendi_CDYL2_chromodomain_Ylike_protein_2_isoform_X2
H.sapiens_HIBCH_3hydroxyisobutyrylCoA_hydrolase_mitochondrial_iso	24.434	221	150	8	6.94e-09	62.0	H.sapiens_HIBCH_3hydroxyisobutyrylCoA_hydrolase_mitochondrial_iso
E.caballus_CDYL_chromodomain_Ylike_protein_isoform_X1	27.429	175	118	4	7.77e-09	62.4	E.caballus_CDYL_chromodomain_Ylike_protein_isoform_X1
F.catus_CDYL_chromodomain_Ylike_protein_isoform_X6	27.429	175	118	4	9.66e-09	62.0	F.catus_CDYL_chromodomain_Ylike_protein_isoform_X6
H.sapiens_CDYL_chromodomain_Ylike_protein_isoform_e	27.429	175	118	4	1.08e-08	62.0	H.sapiens_CDYL_chromodomain_Ylike_protein_isoform_e
S.salar_LOC106568662_chromodomain_Ylike_protein_isoform_X2	26.857	175	119	4	1.15e-08	62.0	S.salar_LOC106568662_chromodomain_Ylike_protein_isoform_X2
G.gallus_CDYL2_chromodomain_Ylike_protein_2_isoform_X1	27.586	174	119	3	1.20e-08	61.6	G.gallus_CDYL2_chromodomain_Ylike_protein_2_isoform_X1
C.carcharias_LOC121279912_chromodomain_Ylike_protein_2_isoform_X2	26.437	174	121	3	1.37e-08	61.6	C.carcharias_LOC121279912_chromodomain_Ylike_protein_2_isoform_X2
C.carcharias_echdc1_ethylmalonylCoA_decarboxylase_isoform_X1	25.568	176	123	4	1.39e-08	60.5	C.carcharias_echdc1_ethylmalonylCoA_decarboxylase_isoform_X1
E.caballus_CDYL2_chromodomain_Ylike_protein_2	26.705	176	122	3	1.50e-08	61.2	E.caballus_CDYL2_chromodomain_Ylike_protein_2
C.mydas_HIBCH_3hydroxyisobutyrylCoA_hydrolase_mitochondrial_isofo	27.624	181	123	7	1.54e-08	60.8	C.mydas_HIBCH_3hydroxyisobutyrylCoA_hydrolase_mitochondrial_isofo
S.townsendi_HIBCH_3hydroxyisobutyrylCoA_hydrolase_mitochondrial	27.624	181	123	7	1.60e-08	60.8	S.townsendi_HIBCH_3hydroxyisobutyrylCoA_hydrolase_mitochondrial
F.catus_CDYL2_chromodomain_Ylike_protein_2	26.705	176	122	3	1.78e-08	61.2	F.catus_CDYL2_chromodomain_Ylike_protein_2
H.sapiens_ECHDC1_ethylmalonylCoA_decarboxylase_isoform_5	22.059	204	145	5	2.01e-08	59.7	H.sapiens_ECHDC1_ethylmalonylCoA_decarboxylase_isoform_5
D.rerio_cryl1_lambdacrystallin_homolog	26.126	222	161	3	2.02e-08	60.1	D.rerio_cryl1_lambdacrystallin_homolog
D.rerio_cryl1_lambdacrystallin_homolog	26.126	222	161	3	2.02e-08	60.1	D.rerio_cryl1_lambdacrystallin_homolog
X.laevis_cdyl.S_chromodomain_Ylike_protein_isoform_X2	26.857	175	119	4	2.34e-08	60.8	X.laevis_cdyl.S_chromodomain_Ylike_protein_isoform_X2
H.sapiens_CDYL2_chromodomain_Ylike_protein_2_isoform_X1	27.011	174	120	3	2.36e-08	60.8	H.sapiens_CDYL2_chromodomain_Ylike_protein_2_isoform_X1
S.salar_cryl1_lambdacrystallin_homolog_isoform_X1	26.126	222	161	3	2.75e-08	59.7	S.salar_cryl1_lambdacrystallin_homolog_isoform_X1
X.laevis_cdyl2.L_chromodomain_Ylike_protein_2	26.437	174	121	3	3.34e-08	60.1	X.laevis_cdyl2.L_chromodomain_Ylike_protein_2
G.aculeatus_LOC120830797_chromodomain_Ylike_protein_2	28.889	180	113	4	3.54e-08	60.1	G.aculeatus_LOC120830797_chromodomain_Ylike_protein_2
X.laevis_cdyl.L_chromodomain_Ylike_protein	26.286	175	120	4	5.62e-08	59.7	X.laevis_cdyl.L_chromodomain_Ylike_protein
S.salar_LOC106609342_enoylCoA_hydratase_domaincontaining_protein_	26.908	249	149	12	6.56e-08	58.2	S.salar_LOC106609342_enoylCoA_hydratase_domaincontaining_protein_
X.laevis_cdyl2.S_chromodomain_Ylike_protein_2	26.136	176	123	3	7.36e-08	58.9	X.laevis_cdyl2.S_chromodomain_Ylike_protein_2
G.gallus_ECHDC3_enoylCoA_hydratase_domaincontaining_protein_3_mit	26.257	179	121	5	8.91e-08	57.8	G.gallus_ECHDC3_enoylCoA_hydratase_domaincontaining_protein_3_mit
D.rerio_cdyl_chromodomain_Ylike_protein	27.368	190	118	5	9.66e-08	58.9	D.rerio_cdyl_chromodomain_Ylike_protein
C.mydas_CDYL2_chromodomain_Ylike_protein_2_isoform_X1	26.702	191	118	4	1.11e-07	58.5	C.mydas_CDYL2_chromodomain_Ylike_protein_2_isoform_X1
S.salar_LOC106576218_enoylCoA_hydratase_domaincontaining_protein_	28.070	171	100	6	1.16e-07	56.6	S.salar_LOC106576218_enoylCoA_hydratase_domaincontaining_protein_
C.carcharias_hibch_3hydroxyisobutyrylCoA_hydrolase_mitochondrial_	24.766	214	135	7	1.45e-07	57.8	C.carcharias_hibch_3hydroxyisobutyrylCoA_hydrolase_mitochondrial_
G.aculeatus_cdyl_chromodomain_Ylike_protein_isoform_X1	27.429	175	118	5	2.74e-07	57.4	G.aculeatus_cdyl_chromodomain_Ylike_protein_isoform_X1
S.salar_LOC106597143_chromodomain_Ylike_protein	26.857	175	119	5	3.05e-07	57.4	S.salar_LOC106597143_chromodomain_Ylike_protein
S.salar_LOC106562298_chromodomain_Ylike_protein_2	26.705	176	122	3	5.68e-07	56.2	S.salar_LOC106562298_chromodomain_Ylike_protein_2
S.salar_LOC106587457_chromodomain_Ylike_protein_2	26.705	176	122	3	7.65e-07	55.8	S.salar_LOC106587457_chromodomain_Ylike_protein_2
E.caballus_HIBCH_3hydroxyisobutyrylCoA_hydrolase_mitochondrial_is	25.397	252	153	10	8.55e-07	55.5	E.caballus_HIBCH_3hydroxyisobutyrylCoA_hydrolase_mitochondrial_is
G.aculeatus_echdc3_enoylCoA_hydratase_domaincontaining_protein_3_	25.789	190	126	6	8.75e-07	54.7	G.aculeatus_echdc3_enoylCoA_hydratase_domaincontaining_protein_3_
S.salar_eci2_enoylCoA_delta_isomerase_2_mitochondrial	22.959	196	139	6	2.40e-06	53.9	S.salar_eci2_enoylCoA_delta_isomerase_2_mitochondrial
D.rerio_eci2_enoylCoA_delta_isomerase_2_mitochondrial	21.910	178	129	5	2.46e-06	53.9	D.rerio_eci2_enoylCoA_delta_isomerase_2_mitochondrial
H.sapiens_CDY1_testisspecific_chromodomain_protein_Y_1_isoform_b	25.731	171	120	3	4.37e-06	53.5	H.sapiens_CDY1_testisspecific_chromodomain_protein_Y_1_isoform_b
H.sapiens_CDY1B_testisspecific_chromodomain_protein_Y_1_isoform_b	25.731	171	120	3	4.37e-06	53.5	H.sapiens_CDY1B_testisspecific_chromodomain_protein_Y_1_isoform_b
H.sapiens_CDY2A_testisspecific_chromodomain_protein_Y_2	25.731	171	120	3	5.48e-06	53.1	H.sapiens_CDY2A_testisspecific_chromodomain_protein_Y_2
H.sapiens_CDY2B_testisspecific_chromodomain_protein_Y_2	25.731	171	120	3	5.48e-06	53.1	H.sapiens_CDY2B_testisspecific_chromodomain_protein_Y_2
X.laevis_cryl1.S_lambdacrystallin_isoform_X1	24.016	254	184	6	5.67e-06	52.4	X.laevis_cryl1.S_lambdacrystallin_isoform_X1
C.carcharias_echdc3_enoylCoA_hydratase_domaincontaining_protein_3	25.943	212	131	9	6.60e-06	52.4	C.carcharias_echdc3_enoylCoA_hydratase_domaincontaining_protein_3
C.mydas_ECHDC3_enoylCoA_hydratase_domaincontaining_protein_3_mito	26.172	256	151	12	7.50e-06	52.0	C.mydas_ECHDC3_enoylCoA_hydratase_domaincontaining_protein_3_mito
F.catus_ECHDC3_enoylCoA_hydratase_domaincontaining_protein_3_mito	26.904	197	119	7	9.94e-06	51.6	F.catus_ECHDC3_enoylCoA_hydratase_domaincontaining_protein_3_mito
S.townsendi_ECHDC3_enoylCoA_hydratase_domaincontaining_protein_3_	29.442	197	118	9	1.14e-05	51.2	S.townsendi_ECHDC3_enoylCoA_hydratase_domaincontaining_protein_3_
X.laevis_cryl1.L_crystallin_lambda_1_L_homeolog	24.419	258	182	6	1.34e-05	51.2	X.laevis_cryl1.L_crystallin_lambda_1_L_homeolog
F.catus_HIBCH_3hydroxyisobutyrylCoA_hydrolase_mitochondrial_isofo	27.602	221	142	10	1.37e-05	51.6	F.catus_HIBCH_3hydroxyisobutyrylCoA_hydrolase_mitochondrial_isofo
X.laevis_eci2.L_enoylCoA_delta_isomerase_2_L_homeolog_isoform_X1	25.463	216	150	7	1.47e-05	51.2	X.laevis_eci2.L_enoylCoA_delta_isomerase_2_L_homeolog_isoform_X1
H.sapiens_ECHDC3_enoylCoA_hydratase_domaincontaining_protein_3_mi	26.009	223	142	8	1.54e-05	51.2	H.sapiens_ECHDC3_enoylCoA_hydratase_domaincontaining_protein_3_mi
C.mydas_CRYL1_lambdacrystallin_homolog_isoform_X2	24.336	226	160	6	2.10e-05	50.8	C.mydas_CRYL1_lambdacrystallin_homolog_isoform_X2
E.caballus_ECHDC3_enoylCoA_hydratase_domaincontaining_protein_3_m	27.545	167	109	5	5.25e-05	49.3	E.caballus_ECHDC3_enoylCoA_hydratase_domaincontaining_protein_3_m
S.townsendi_LOC125439329_enoylCoA_delta_isomerase_2like_isoform_X	20.879	182	134	5	6.81e-05	49.3	S.townsendi_LOC125439329_enoylCoA_delta_isomerase_2like_isoform_X
X.laevis_echdc3.L_enoylCoA_hydratase_domaincontaining_protein_3_m	25.822	213	138	9	7.05e-05	48.9	X.laevis_echdc3.L_enoylCoA_hydratase_domaincontaining_protein_3_m
X.laevis_eci3.L_enoylCoA_delta_isomerase_2_isoform_X1	23.699	173	123	6	7.75e-05	48.9	X.laevis_eci3.L_enoylCoA_delta_isomerase_2_isoform_X1
G.gallus_ECI2_enoylCoA_delta_isomerase_2_isoform_X4	20.112	179	133	5	1.44e-04	48.1	G.gallus_ECI2_enoylCoA_delta_isomerase_2_isoform_X4
S.townsendi_ECI2_enoylCoA_delta_isomerase_2	24.699	166	112	4	2.17e-04	47.4	S.townsendi_ECI2_enoylCoA_delta_isomerase_2
S.townsendi_CRYL1_lambdacrystallin_homolog	23.558	208	142	5	2.54e-04	47.0	S.townsendi_CRYL1_lambdacrystallin_homolog
S.salar_LOC106590083_enoylCoA_delta_isomerase_2	21.910	178	129	5	6.24e-04	46.2	S.salar_LOC106590083_enoylCoA_delta_isomerase_2
G.aculeatus_eci2_LOW_QUALITY_PROTEIN_enoylCoA_delta_isomerase_2_m	22.034	177	130	5	8.61e-04	45.8	G.aculeatus_eci2_LOW_QUALITY_PROTEIN_enoylCoA_delta_isomerase_2_m
C.mydas_ECI2_enoylCoA_delta_isomerase_2_isoform_X1	20.225	178	132	5	0.001	45.4	C.mydas_ECI2_enoylCoA_delta_isomerase_2_isoform_X1
F.catus_ECI2_enoylCoA_delta_isomerase_2_isoform_X2	29.885	87	59	1	0.008	42.7	F.catus_ECI2_enoylCoA_delta_isomerase_2_isoform_X2
E.caballus_ECI2_enoylCoA_delta_isomerase_2_mitochondrial	27.586	87	61	1	0.036	40.8	E.caballus_ECI2_enoylCoA_delta_isomerase_2_mitochondrial
C.carcharias_eci2_enoylCoA_delta_isomerase_2_mitochondrial	20.541	185	137	5	0.12	38.9	C.carcharias_eci2_enoylCoA_delta_isomerase_2_mitochondrial
H.sapiens_ECI2_enoylCoA_delta_isomerase_2_isoform_2	25.287	87	63	1	0.48	37.0	H.sapiens_ECI2_enoylCoA_delta_isomerase_2_isoform_2
E.caballus_SLC51B_organic_solute_transporter_subunit_beta	32.468	77	35	2	0.57	35.0	E.caballus_SLC51B_organic_solute_transporter_subunit_beta
H.sapiens_ULK2_serinethreonineprotein_kinase_ULK2_isoform_X2	27.642	123	74	4	1.2	36.2	H.sapiens_ULK2_serinethreonineprotein_kinase_ULK2_isoform_X2
C.carcharias_chek2_serinethreonineprotein_kinase_Chk2_isoform_X2	39.683	63	31	2	1.3	35.8	C.carcharias_chek2_serinethreonineprotein_kinase_Chk2_isoform_X2
S.salar_LOC106612067_MORC_family_CWtype_zinc_finger_protein_3_iso	27.358	106	61	4	2.5	35.0	S.salar_LOC106612067_MORC_family_CWtype_zinc_finger_protein_3_iso
S.salar_LOC106604358_MORC_family_CWtype_zinc_finger_protein_3like	27.358	106	61	4	2.8	35.0	S.salar_LOC106604358_MORC_family_CWtype_zinc_finger_protein_3like
G.aculeatus_LOC120809842_beta13galactosylOglycosylglycoprotein_be	24.752	101	67	3	3.4	34.3	G.aculeatus_LOC120809842_beta13galactosylOglycosylglycoprotein_be
G.aculeatus_LOC120821837_dynactin_subunit_1like_isoform_X7	41.667	48	25	2	5.5	33.9	G.aculeatus_LOC120821837_dynactin_subunit_1like_isoform_X7
G.aculeatus_LOC120809841_beta13galactosylOglycosylglycoprotein_be	24.752	101	67	3	6.5	33.5	G.aculeatus_LOC120809841_beta13galactosylOglycosylglycoprotein_be
