H.sapiens_HADHA_trifunctional_enzyme_subunit_alpha_mitochondrial_
E.caballus_HADHA_trifunctional_enzyme_subunit_alpha_mitochondrial
F.catus_HADHA_trifunctional_enzyme_subunit_alpha_mitochondrial
G.gallus_HADHA_trifunctional_enzyme_subunit_alpha_mitochondrial
C.mydas_HADHA_trifunctional_enzyme_subunit_alpha_mitochondrial_is
X.laevis_hadha.L_trifunctional_enzyme_subunit_alpha_mitochondrial
X.laevis_hadha.S_hydroxyacylCoA_dehydrogenase_trifunctional_multi
C.carcharias_LOC121278346_trifunctional_enzyme_subunit_alpha_mito
D.rerio_hadhab_hydroxyacylCoA_dehydrogenase_trifunctional_multien
S.salar_LOC106611334_trifunctional_enzyme_subunit_alpha_mitochond
G.aculeatus_hadhab_hydroxyacylCoA_dehydrogenase_trifunctional_mul
S.salar_hadhab_hydroxyacylCoA_dehydrogenase_trifunctional_multien
D.rerio_hadhaa_hydroxyacylCoA_dehydrogenase_trifunctional_multien
S.townsendi_HADHA_trifunctional_enzyme_subunit_alpha_mitochondria
D.rerio_ehhadh_peroxisomal_bifunctional_enzyme
C.mydas_EHHADH_peroxisomal_bifunctional_enzyme
S.townsendi_EHHADH_peroxisomal_bifunctional_enzyme
X.laevis_ehhadh.S_peroxisomal_bifunctional_enzyme
S.salar_ehhadh_peroxisomal_bifunctional_enzyme
H.sapiens_EHHADH_peroxisomal_bifunctional_enzyme_isoform_1
G.gallus_EHHADH_peroxisomal_bifunctional_enzyme_isoform_X2
G.aculeatus_ehhadh_peroxisomal_bifunctional_enzyme
F.catus_EHHADH_peroxisomal_bifunctional_enzyme
E.caballus_EHHADH_peroxisomal_bifunctional_enzyme
X.laevis_hadh.L_hydroxyacylCoA_dehydrogenase_L_homeolog
S.salar_LOC106610339_hydroxyacylcoenzyme_A_dehydrogenase_mitochon
D.rerio_hadh_hydroxyacylcoenzyme_A_dehydrogenase_mitochondrial
S.salar_hadh_hydroxyacylcoenzyme_A_dehydrogenase_mitochondrial
S.townsendi_HADH_hydroxyacylcoenzyme_A_dehydrogenase_mitochondria
F.catus_HADH_hydroxyacylcoenzyme_A_dehydrogenase_mitochondrial
C.mydas_HADH_hydroxyacylcoenzyme_A_dehydrogenase_mitochondrial
G.aculeatus_hadh_hydroxyacylcoenzyme_A_dehydrogenase_mitochondria
E.caballus_HADH_hydroxyacylcoenzyme_A_dehydrogenase_mitochondrial
C.carcharias_hadh_hydroxyacylcoenzyme_A_dehydrogenase_mitochondri
H.sapiens_HADH_hydroxyacylcoenzyme_A_dehydrogenase_mitochondrial_
G.gallus_HADH_hydroxyacylcoenzyme_A_dehydrogenase_mitochondrial
