C.carcharias_hadh_hydroxyacylcoenzyme_A_dehydrogenase_mitochondri	307	22	207	4.63e-78	pfam02737, 3HCDH_N, 3-hydroxyacyl-CoA dehydrogenase, NAD binding domain.  This family also includes lambda crystallin.
C.carcharias_hadh_hydroxyacylcoenzyme_A_dehydrogenase_mitochondri	307	209	306	5.73e-43	pfam00725, 3HCDH, 3-hydroxyacyl-CoA dehydrogenase, C-terminal domain.  This family also includes lambda crystallin. Some proteins include two copies of this domain.
C.carcharias_LOC121278346_trifunctional_enzyme_subunit_alpha_mito	764	364	542	1.16e-64	pfam02737, 3HCDH_N, 3-hydroxyacyl-CoA dehydrogenase, NAD binding domain.  This family also includes lambda crystallin.
C.carcharias_LOC121278346_trifunctional_enzyme_subunit_alpha_mito	764	45	262	1.11e-34	pfam00378, ECH_1, Enoyl-CoA hydratase/isomerase.  This family contains a diverse set of enzymes including: enoyl-CoA hydratase, napthoate synthase, carnitate racemase, 3-hydroxybutyryl-CoA dehydratase and dodecanoyl-CoA delta-isomerase.
C.carcharias_LOC121278346_trifunctional_enzyme_subunit_alpha_mito	764	545	640	2.12e-27	pfam00725, 3HCDH, 3-hydroxyacyl-CoA dehydrogenase, C-terminal domain.  This family also includes lambda crystallin. Some proteins include two copies of this domain.
C.carcharias_LOC121278346_trifunctional_enzyme_subunit_alpha_mito	764	50	243	4.28e-16	pfam16113, ECH_2, Enoyl-CoA hydratase/isomerase.  This family contains a diverse set of enzymes including: enoyl-CoA hydratase, napthoate synthase, carnitate racemase, 3-hydroxybutyryl-CoA dehydratase and dodecanoyl-CoA delta-isomerase. This family differs from pfam00378 in the structure of it's C-terminus.
C.mydas_HADHA_trifunctional_enzyme_subunit_alpha_mitochondrial_is	822	422	600	1.99e-66	pfam02737, 3HCDH_N, 3-hydroxyacyl-CoA dehydrogenase, NAD binding domain.  This family also includes lambda crystallin.
C.mydas_HADHA_trifunctional_enzyme_subunit_alpha_mitochondrial_is	822	603	698	3.55e-29	pfam00725, 3HCDH, 3-hydroxyacyl-CoA dehydrogenase, C-terminal domain.  This family also includes lambda crystallin. Some proteins include two copies of this domain.
C.mydas_HADHA_trifunctional_enzyme_subunit_alpha_mitochondrial_is	822	103	313	6.42e-27	pfam00378, ECH_1, Enoyl-CoA hydratase/isomerase.  This family contains a diverse set of enzymes including: enoyl-CoA hydratase, napthoate synthase, carnitate racemase, 3-hydroxybutyryl-CoA dehydratase and dodecanoyl-CoA delta-isomerase.
C.mydas_HADH_hydroxyacylcoenzyme_A_dehydrogenase_mitochondrial	310	25	210	3.19e-75	pfam02737, 3HCDH_N, 3-hydroxyacyl-CoA dehydrogenase, NAD binding domain.  This family also includes lambda crystallin.
C.mydas_HADH_hydroxyacylcoenzyme_A_dehydrogenase_mitochondrial	310	212	309	2.27e-45	pfam00725, 3HCDH, 3-hydroxyacyl-CoA dehydrogenase, C-terminal domain.  This family also includes lambda crystallin. Some proteins include two copies of this domain.
C.mydas_EHHADH_peroxisomal_bifunctional_enzyme	728	301	481	3.61e-67	pfam02737, 3HCDH_N, 3-hydroxyacyl-CoA dehydrogenase, NAD binding domain.  This family also includes lambda crystallin.
C.mydas_EHHADH_peroxisomal_bifunctional_enzyme	728	7	225	2.31e-42	pfam00378, ECH_1, Enoyl-CoA hydratase/isomerase.  This family contains a diverse set of enzymes including: enoyl-CoA hydratase, napthoate synthase, carnitate racemase, 3-hydroxybutyryl-CoA dehydratase and dodecanoyl-CoA delta-isomerase.
C.mydas_EHHADH_peroxisomal_bifunctional_enzyme	728	483	587	1.73e-28	pfam00725, 3HCDH, 3-hydroxyacyl-CoA dehydrogenase, C-terminal domain.  This family also includes lambda crystallin. Some proteins include two copies of this domain.
C.mydas_EHHADH_peroxisomal_bifunctional_enzyme	728	12	216	4.18e-27	pfam16113, ECH_2, Enoyl-CoA hydratase/isomerase.  This family contains a diverse set of enzymes including: enoyl-CoA hydratase, napthoate synthase, carnitate racemase, 3-hydroxybutyryl-CoA dehydratase and dodecanoyl-CoA delta-isomerase. This family differs from pfam00378 in the structure of it's C-terminus.
D.rerio_hadhaa_hydroxyacylCoA_dehydrogenase_trifunctional_multien	761	361	539	1.52e-57	pfam02737, 3HCDH_N, 3-hydroxyacyl-CoA dehydrogenase, NAD binding domain.  This family also includes lambda crystallin.
D.rerio_hadhaa_hydroxyacylCoA_dehydrogenase_trifunctional_multien	761	42	313	3.30e-37	pfam00378, ECH_1, Enoyl-CoA hydratase/isomerase.  This family contains a diverse set of enzymes including: enoyl-CoA hydratase, napthoate synthase, carnitate racemase, 3-hydroxybutyryl-CoA dehydratase and dodecanoyl-CoA delta-isomerase.
D.rerio_hadhaa_hydroxyacylCoA_dehydrogenase_trifunctional_multien	761	542	637	9.43e-27	pfam00725, 3HCDH, 3-hydroxyacyl-CoA dehydrogenase, C-terminal domain.  This family also includes lambda crystallin. Some proteins include two copies of this domain.
D.rerio_hadhaa_hydroxyacylCoA_dehydrogenase_trifunctional_multien	761	47	215	9.74e-14	pfam16113, ECH_2, Enoyl-CoA hydratase/isomerase.  This family contains a diverse set of enzymes including: enoyl-CoA hydratase, napthoate synthase, carnitate racemase, 3-hydroxybutyryl-CoA dehydratase and dodecanoyl-CoA delta-isomerase. This family differs from pfam00378 in the structure of it's C-terminus.
D.rerio_hadh_hydroxyacylcoenzyme_A_dehydrogenase_mitochondrial	309	24	209	2.15e-83	pfam02737, 3HCDH_N, 3-hydroxyacyl-CoA dehydrogenase, NAD binding domain.  This family also includes lambda crystallin.
D.rerio_hadh_hydroxyacylcoenzyme_A_dehydrogenase_mitochondrial	309	211	308	1.49e-44	pfam00725, 3HCDH, 3-hydroxyacyl-CoA dehydrogenase, C-terminal domain.  This family also includes lambda crystallin. Some proteins include two copies of this domain.
D.rerio_ehhadh_peroxisomal_bifunctional_enzyme	718	297	471	3.27e-65	pfam02737, 3HCDH_N, 3-hydroxyacyl-CoA dehydrogenase, NAD binding domain.  This family also includes lambda crystallin.
D.rerio_ehhadh_peroxisomal_bifunctional_enzyme	718	10	171	9.52e-44	pfam00378, ECH_1, Enoyl-CoA hydratase/isomerase.  This family contains a diverse set of enzymes including: enoyl-CoA hydratase, napthoate synthase, carnitate racemase, 3-hydroxybutyryl-CoA dehydratase and dodecanoyl-CoA delta-isomerase.
D.rerio_ehhadh_peroxisomal_bifunctional_enzyme	718	473	577	2.29e-27	pfam00725, 3HCDH, 3-hydroxyacyl-CoA dehydrogenase, C-terminal domain.  This family also includes lambda crystallin. Some proteins include two copies of this domain.
D.rerio_ehhadh_peroxisomal_bifunctional_enzyme	718	11	169	3.69e-21	pfam16113, ECH_2, Enoyl-CoA hydratase/isomerase.  This family contains a diverse set of enzymes including: enoyl-CoA hydratase, napthoate synthase, carnitate racemase, 3-hydroxybutyryl-CoA dehydratase and dodecanoyl-CoA delta-isomerase. This family differs from pfam00378 in the structure of it's C-terminus.
D.rerio_hadhab_hydroxyacylCoA_dehydrogenase_trifunctional_multien	763	363	541	1.15e-57	pfam02737, 3HCDH_N, 3-hydroxyacyl-CoA dehydrogenase, NAD binding domain.  This family also includes lambda crystallin.
D.rerio_hadhab_hydroxyacylCoA_dehydrogenase_trifunctional_multien	763	44	257	3.31e-36	pfam00378, ECH_1, Enoyl-CoA hydratase/isomerase.  This family contains a diverse set of enzymes including: enoyl-CoA hydratase, napthoate synthase, carnitate racemase, 3-hydroxybutyryl-CoA dehydratase and dodecanoyl-CoA delta-isomerase.
D.rerio_hadhab_hydroxyacylCoA_dehydrogenase_trifunctional_multien	763	544	639	2.55e-27	pfam00725, 3HCDH, 3-hydroxyacyl-CoA dehydrogenase, C-terminal domain.  This family also includes lambda crystallin. Some proteins include two copies of this domain.
D.rerio_hadhab_hydroxyacylCoA_dehydrogenase_trifunctional_multien	763	49	217	6.56e-17	pfam16113, ECH_2, Enoyl-CoA hydratase/isomerase.  This family contains a diverse set of enzymes including: enoyl-CoA hydratase, napthoate synthase, carnitate racemase, 3-hydroxybutyryl-CoA dehydratase and dodecanoyl-CoA delta-isomerase. This family differs from pfam00378 in the structure of it's C-terminus.
E.caballus_HADHA_trifunctional_enzyme_subunit_alpha_mitochondrial	762	362	540	1.27e-66	pfam02737, 3HCDH_N, 3-hydroxyacyl-CoA dehydrogenase, NAD binding domain.  This family also includes lambda crystallin.
E.caballus_HADHA_trifunctional_enzyme_subunit_alpha_mitochondrial	762	43	253	4.58e-35	pfam00378, ECH_1, Enoyl-CoA hydratase/isomerase.  This family contains a diverse set of enzymes including: enoyl-CoA hydratase, napthoate synthase, carnitate racemase, 3-hydroxybutyryl-CoA dehydratase and dodecanoyl-CoA delta-isomerase.
E.caballus_HADHA_trifunctional_enzyme_subunit_alpha_mitochondrial	762	543	638	7.88e-31	pfam00725, 3HCDH, 3-hydroxyacyl-CoA dehydrogenase, C-terminal domain.  This family also includes lambda crystallin. Some proteins include two copies of this domain.
E.caballus_HADHA_trifunctional_enzyme_subunit_alpha_mitochondrial	762	48	241	2.58e-14	pfam16113, ECH_2, Enoyl-CoA hydratase/isomerase.  This family contains a diverse set of enzymes including: enoyl-CoA hydratase, napthoate synthase, carnitate racemase, 3-hydroxybutyryl-CoA dehydratase and dodecanoyl-CoA delta-isomerase. This family differs from pfam00378 in the structure of it's C-terminus.
E.caballus_EHHADH_peroxisomal_bifunctional_enzyme	723	299	476	3.49e-65	pfam02737, 3HCDH_N, 3-hydroxyacyl-CoA dehydrogenase, NAD binding domain.  This family also includes lambda crystallin.
E.caballus_EHHADH_peroxisomal_bifunctional_enzyme	723	6	192	1.88e-31	pfam00378, ECH_1, Enoyl-CoA hydratase/isomerase.  This family contains a diverse set of enzymes including: enoyl-CoA hydratase, napthoate synthase, carnitate racemase, 3-hydroxybutyryl-CoA dehydratase and dodecanoyl-CoA delta-isomerase.
E.caballus_EHHADH_peroxisomal_bifunctional_enzyme	723	479	582	7.99e-28	pfam00725, 3HCDH, 3-hydroxyacyl-CoA dehydrogenase, C-terminal domain.  This family also includes lambda crystallin. Some proteins include two copies of this domain.
E.caballus_HADH_hydroxyacylcoenzyme_A_dehydrogenase_mitochondrial	314	29	214	6.59e-80	pfam02737, 3HCDH_N, 3-hydroxyacyl-CoA dehydrogenase, NAD binding domain.  This family also includes lambda crystallin.
E.caballus_HADH_hydroxyacylcoenzyme_A_dehydrogenase_mitochondrial	314	216	313	7.05e-44	pfam00725, 3HCDH, 3-hydroxyacyl-CoA dehydrogenase, C-terminal domain.  This family also includes lambda crystallin. Some proteins include two copies of this domain.
F.catus_HADHA_trifunctional_enzyme_subunit_alpha_mitochondrial	763	363	541	6.00e-68	pfam02737, 3HCDH_N, 3-hydroxyacyl-CoA dehydrogenase, NAD binding domain.  This family also includes lambda crystallin.
F.catus_HADHA_trifunctional_enzyme_subunit_alpha_mitochondrial	763	44	254	7.52e-35	pfam00378, ECH_1, Enoyl-CoA hydratase/isomerase.  This family contains a diverse set of enzymes including: enoyl-CoA hydratase, napthoate synthase, carnitate racemase, 3-hydroxybutyryl-CoA dehydratase and dodecanoyl-CoA delta-isomerase.
F.catus_HADHA_trifunctional_enzyme_subunit_alpha_mitochondrial	763	544	639	4.73e-30	pfam00725, 3HCDH, 3-hydroxyacyl-CoA dehydrogenase, C-terminal domain.  This family also includes lambda crystallin. Some proteins include two copies of this domain.
F.catus_HADHA_trifunctional_enzyme_subunit_alpha_mitochondrial	763	49	242	1.45e-14	pfam16113, ECH_2, Enoyl-CoA hydratase/isomerase.  This family contains a diverse set of enzymes including: enoyl-CoA hydratase, napthoate synthase, carnitate racemase, 3-hydroxybutyryl-CoA dehydratase and dodecanoyl-CoA delta-isomerase. This family differs from pfam00378 in the structure of it's C-terminus.
F.catus_EHHADH_peroxisomal_bifunctional_enzyme	723	299	476	6.39e-64	pfam02737, 3HCDH_N, 3-hydroxyacyl-CoA dehydrogenase, NAD binding domain.  This family also includes lambda crystallin.
F.catus_EHHADH_peroxisomal_bifunctional_enzyme	723	6	192	4.78e-31	pfam00378, ECH_1, Enoyl-CoA hydratase/isomerase.  This family contains a diverse set of enzymes including: enoyl-CoA hydratase, napthoate synthase, carnitate racemase, 3-hydroxybutyryl-CoA dehydratase and dodecanoyl-CoA delta-isomerase.
F.catus_EHHADH_peroxisomal_bifunctional_enzyme	723	478	582	1.78e-26	pfam00725, 3HCDH, 3-hydroxyacyl-CoA dehydrogenase, C-terminal domain.  This family also includes lambda crystallin. Some proteins include two copies of this domain.
F.catus_EHHADH_peroxisomal_bifunctional_enzyme	723	619	710	6.89e-11	pfam00725, 3HCDH, 3-hydroxyacyl-CoA dehydrogenase, C-terminal domain.  This family also includes lambda crystallin. Some proteins include two copies of this domain.
F.catus_EHHADH_peroxisomal_bifunctional_enzyme	723	11	176	3.19e-11	pfam16113, ECH_2, Enoyl-CoA hydratase/isomerase.  This family contains a diverse set of enzymes including: enoyl-CoA hydratase, napthoate synthase, carnitate racemase, 3-hydroxybutyryl-CoA dehydratase and dodecanoyl-CoA delta-isomerase. This family differs from pfam00378 in the structure of it's C-terminus.
F.catus_HADH_hydroxyacylcoenzyme_A_dehydrogenase_mitochondrial	314	29	214	1.38e-76	pfam02737, 3HCDH_N, 3-hydroxyacyl-CoA dehydrogenase, NAD binding domain.  This family also includes lambda crystallin.
F.catus_HADH_hydroxyacylcoenzyme_A_dehydrogenase_mitochondrial	314	216	313	2.82e-44	pfam00725, 3HCDH, 3-hydroxyacyl-CoA dehydrogenase, C-terminal domain.  This family also includes lambda crystallin. Some proteins include two copies of this domain.
G.aculeatus_ehhadh_peroxisomal_bifunctional_enzyme	719	298	472	6.75e-68	pfam02737, 3HCDH_N, 3-hydroxyacyl-CoA dehydrogenase, NAD binding domain.  This family also includes lambda crystallin.
G.aculeatus_ehhadh_peroxisomal_bifunctional_enzyme	719	6	218	1.75e-30	pfam00378, ECH_1, Enoyl-CoA hydratase/isomerase.  This family contains a diverse set of enzymes including: enoyl-CoA hydratase, napthoate synthase, carnitate racemase, 3-hydroxybutyryl-CoA dehydratase and dodecanoyl-CoA delta-isomerase.
G.aculeatus_ehhadh_peroxisomal_bifunctional_enzyme	719	474	578	3.64e-24	pfam00725, 3HCDH, 3-hydroxyacyl-CoA dehydrogenase, C-terminal domain.  This family also includes lambda crystallin. Some proteins include two copies of this domain.
G.aculeatus_ehhadh_peroxisomal_bifunctional_enzyme	719	11	169	1.95e-13	pfam16113, ECH_2, Enoyl-CoA hydratase/isomerase.  This family contains a diverse set of enzymes including: enoyl-CoA hydratase, napthoate synthase, carnitate racemase, 3-hydroxybutyryl-CoA dehydratase and dodecanoyl-CoA delta-isomerase. This family differs from pfam00378 in the structure of it's C-terminus.
G.aculeatus_hadh_hydroxyacylcoenzyme_A_dehydrogenase_mitochondria	350	65	250	1.82e-80	pfam02737, 3HCDH_N, 3-hydroxyacyl-CoA dehydrogenase, NAD binding domain.  This family also includes lambda crystallin.
G.aculeatus_hadh_hydroxyacylcoenzyme_A_dehydrogenase_mitochondria	350	252	349	8.76e-45	pfam00725, 3HCDH, 3-hydroxyacyl-CoA dehydrogenase, C-terminal domain.  This family also includes lambda crystallin. Some proteins include two copies of this domain.
G.aculeatus_hadhab_hydroxyacylCoA_dehydrogenase_trifunctional_mul	827	427	605	3.12e-59	pfam02737, 3HCDH_N, 3-hydroxyacyl-CoA dehydrogenase, NAD binding domain.  This family also includes lambda crystallin.
G.aculeatus_hadhab_hydroxyacylCoA_dehydrogenase_trifunctional_mul	827	108	323	2.18e-38	pfam00378, ECH_1, Enoyl-CoA hydratase/isomerase.  This family contains a diverse set of enzymes including: enoyl-CoA hydratase, napthoate synthase, carnitate racemase, 3-hydroxybutyryl-CoA dehydratase and dodecanoyl-CoA delta-isomerase.
G.aculeatus_hadhab_hydroxyacylCoA_dehydrogenase_trifunctional_mul	827	608	703	1.12e-28	pfam00725, 3HCDH, 3-hydroxyacyl-CoA dehydrogenase, C-terminal domain.  This family also includes lambda crystallin. Some proteins include two copies of this domain.
G.aculeatus_hadhab_hydroxyacylCoA_dehydrogenase_trifunctional_mul	827	113	281	5.31e-18	pfam16113, ECH_2, Enoyl-CoA hydratase/isomerase.  This family contains a diverse set of enzymes including: enoyl-CoA hydratase, napthoate synthase, carnitate racemase, 3-hydroxybutyryl-CoA dehydratase and dodecanoyl-CoA delta-isomerase. This family differs from pfam00378 in the structure of it's C-terminus.
G.gallus_HADH_hydroxyacylcoenzyme_A_dehydrogenase_mitochondrial	382	113	282	8.49e-64	pfam02737, 3HCDH_N, 3-hydroxyacyl-CoA dehydrogenase, NAD binding domain.  This family also includes lambda crystallin.
G.gallus_HADH_hydroxyacylcoenzyme_A_dehydrogenase_mitochondrial	382	284	381	2.78e-47	pfam00725, 3HCDH, 3-hydroxyacyl-CoA dehydrogenase, C-terminal domain.  This family also includes lambda crystallin. Some proteins include two copies of this domain.
G.gallus_EHHADH_peroxisomal_bifunctional_enzyme_isoform_X2	752	325	492	3.33e-59	pfam02737, 3HCDH_N, 3-hydroxyacyl-CoA dehydrogenase, NAD binding domain.  This family also includes lambda crystallin.
G.gallus_EHHADH_peroxisomal_bifunctional_enzyme_isoform_X2	752	51	223	2.35e-35	pfam00378, ECH_1, Enoyl-CoA hydratase/isomerase.  This family contains a diverse set of enzymes including: enoyl-CoA hydratase, napthoate synthase, carnitate racemase, 3-hydroxybutyryl-CoA dehydratase and dodecanoyl-CoA delta-isomerase.
G.gallus_EHHADH_peroxisomal_bifunctional_enzyme_isoform_X2	752	507	611	4.18e-29	pfam00725, 3HCDH, 3-hydroxyacyl-CoA dehydrogenase, C-terminal domain.  This family also includes lambda crystallin. Some proteins include two copies of this domain.
G.gallus_EHHADH_peroxisomal_bifunctional_enzyme_isoform_X2	752	51	212	3.34e-24	pfam16113, ECH_2, Enoyl-CoA hydratase/isomerase.  This family contains a diverse set of enzymes including: enoyl-CoA hydratase, napthoate synthase, carnitate racemase, 3-hydroxybutyryl-CoA dehydratase and dodecanoyl-CoA delta-isomerase. This family differs from pfam00378 in the structure of it's C-terminus.
G.gallus_HADHA_trifunctional_enzyme_subunit_alpha_mitochondrial	770	370	548	5.62e-70	pfam02737, 3HCDH_N, 3-hydroxyacyl-CoA dehydrogenase, NAD binding domain.  This family also includes lambda crystallin.
G.gallus_HADHA_trifunctional_enzyme_subunit_alpha_mitochondrial	770	51	261	1.39e-38	pfam00378, ECH_1, Enoyl-CoA hydratase/isomerase.  This family contains a diverse set of enzymes including: enoyl-CoA hydratase, napthoate synthase, carnitate racemase, 3-hydroxybutyryl-CoA dehydratase and dodecanoyl-CoA delta-isomerase.
G.gallus_HADHA_trifunctional_enzyme_subunit_alpha_mitochondrial	770	551	646	1.31e-28	pfam00725, 3HCDH, 3-hydroxyacyl-CoA dehydrogenase, C-terminal domain.  This family also includes lambda crystallin. Some proteins include two copies of this domain.
G.gallus_HADHA_trifunctional_enzyme_subunit_alpha_mitochondrial	770	56	249	1.97e-15	pfam16113, ECH_2, Enoyl-CoA hydratase/isomerase.  This family contains a diverse set of enzymes including: enoyl-CoA hydratase, napthoate synthase, carnitate racemase, 3-hydroxybutyryl-CoA dehydratase and dodecanoyl-CoA delta-isomerase. This family differs from pfam00378 in the structure of it's C-terminus.
H.sapiens_EHHADH_peroxisomal_bifunctional_enzyme_isoform_1	723	299	476	9.82e-66	pfam02737, 3HCDH_N, 3-hydroxyacyl-CoA dehydrogenase, NAD binding domain.  This family also includes lambda crystallin.
H.sapiens_EHHADH_peroxisomal_bifunctional_enzyme_isoform_1	723	9	192	2.63e-38	pfam00378, ECH_1, Enoyl-CoA hydratase/isomerase.  This family contains a diverse set of enzymes including: enoyl-CoA hydratase, napthoate synthase, carnitate racemase, 3-hydroxybutyryl-CoA dehydratase and dodecanoyl-CoA delta-isomerase.
H.sapiens_EHHADH_peroxisomal_bifunctional_enzyme_isoform_1	723	478	582	2.03e-30	pfam00725, 3HCDH, 3-hydroxyacyl-CoA dehydrogenase, C-terminal domain.  This family also includes lambda crystallin. Some proteins include two copies of this domain.
H.sapiens_EHHADH_peroxisomal_bifunctional_enzyme_isoform_1	723	11	232	2.09e-20	pfam16113, ECH_2, Enoyl-CoA hydratase/isomerase.  This family contains a diverse set of enzymes including: enoyl-CoA hydratase, napthoate synthase, carnitate racemase, 3-hydroxybutyryl-CoA dehydratase and dodecanoyl-CoA delta-isomerase. This family differs from pfam00378 in the structure of it's C-terminus.
H.sapiens_HADH_hydroxyacylcoenzyme_A_dehydrogenase_mitochondrial_	331	29	214	1.52e-78	pfam02737, 3HCDH_N, 3-hydroxyacyl-CoA dehydrogenase, NAD binding domain.  This family also includes lambda crystallin.
H.sapiens_HADH_hydroxyacylcoenzyme_A_dehydrogenase_mitochondrial_	331	216	330	5.51e-41	pfam00725, 3HCDH, 3-hydroxyacyl-CoA dehydrogenase, C-terminal domain.  This family also includes lambda crystallin. Some proteins include two copies of this domain.
H.sapiens_HADHA_trifunctional_enzyme_subunit_alpha_mitochondrial_	763	363	541	2.11e-67	pfam02737, 3HCDH_N, 3-hydroxyacyl-CoA dehydrogenase, NAD binding domain.  This family also includes lambda crystallin.
H.sapiens_HADHA_trifunctional_enzyme_subunit_alpha_mitochondrial_	763	44	254	2.45e-33	pfam00378, ECH_1, Enoyl-CoA hydratase/isomerase.  This family contains a diverse set of enzymes including: enoyl-CoA hydratase, napthoate synthase, carnitate racemase, 3-hydroxybutyryl-CoA dehydratase and dodecanoyl-CoA delta-isomerase.
H.sapiens_HADHA_trifunctional_enzyme_subunit_alpha_mitochondrial_	763	544	639	3.13e-31	pfam00725, 3HCDH, 3-hydroxyacyl-CoA dehydrogenase, C-terminal domain.  This family also includes lambda crystallin. Some proteins include two copies of this domain.
S.salar_LOC106611334_trifunctional_enzyme_subunit_alpha_mitochond	762	362	540	2.54e-58	pfam02737, 3HCDH_N, 3-hydroxyacyl-CoA dehydrogenase, NAD binding domain.  This family also includes lambda crystallin.
S.salar_LOC106611334_trifunctional_enzyme_subunit_alpha_mitochond	762	43	269	7.00e-38	pfam00378, ECH_1, Enoyl-CoA hydratase/isomerase.  This family contains a diverse set of enzymes including: enoyl-CoA hydratase, napthoate synthase, carnitate racemase, 3-hydroxybutyryl-CoA dehydratase and dodecanoyl-CoA delta-isomerase.
S.salar_LOC106611334_trifunctional_enzyme_subunit_alpha_mitochond	762	543	638	4.05e-28	pfam00725, 3HCDH, 3-hydroxyacyl-CoA dehydrogenase, C-terminal domain.  This family also includes lambda crystallin. Some proteins include two copies of this domain.
S.salar_LOC106611334_trifunctional_enzyme_subunit_alpha_mitochond	762	48	216	1.46e-18	pfam16113, ECH_2, Enoyl-CoA hydratase/isomerase.  This family contains a diverse set of enzymes including: enoyl-CoA hydratase, napthoate synthase, carnitate racemase, 3-hydroxybutyryl-CoA dehydratase and dodecanoyl-CoA delta-isomerase. This family differs from pfam00378 in the structure of it's C-terminus.
S.salar_hadh_hydroxyacylcoenzyme_A_dehydrogenase_mitochondrial	309	24	209	8.42e-80	pfam02737, 3HCDH_N, 3-hydroxyacyl-CoA dehydrogenase, NAD binding domain.  This family also includes lambda crystallin.
S.salar_hadh_hydroxyacylcoenzyme_A_dehydrogenase_mitochondrial	309	211	308	9.19e-43	pfam00725, 3HCDH, 3-hydroxyacyl-CoA dehydrogenase, C-terminal domain.  This family also includes lambda crystallin. Some proteins include two copies of this domain.
S.salar_hadhab_hydroxyacylCoA_dehydrogenase_trifunctional_multien	763	363	541	4.66e-56	pfam02737, 3HCDH_N, 3-hydroxyacyl-CoA dehydrogenase, NAD binding domain.  This family also includes lambda crystallin.
S.salar_hadhab_hydroxyacylCoA_dehydrogenase_trifunctional_multien	763	44	269	1.67e-39	pfam00378, ECH_1, Enoyl-CoA hydratase/isomerase.  This family contains a diverse set of enzymes including: enoyl-CoA hydratase, napthoate synthase, carnitate racemase, 3-hydroxybutyryl-CoA dehydratase and dodecanoyl-CoA delta-isomerase.
S.salar_hadhab_hydroxyacylCoA_dehydrogenase_trifunctional_multien	763	544	639	1.79e-28	pfam00725, 3HCDH, 3-hydroxyacyl-CoA dehydrogenase, C-terminal domain.  This family also includes lambda crystallin. Some proteins include two copies of this domain.
S.salar_hadhab_hydroxyacylCoA_dehydrogenase_trifunctional_multien	763	49	217	5.15e-19	pfam16113, ECH_2, Enoyl-CoA hydratase/isomerase.  This family contains a diverse set of enzymes including: enoyl-CoA hydratase, napthoate synthase, carnitate racemase, 3-hydroxybutyryl-CoA dehydratase and dodecanoyl-CoA delta-isomerase. This family differs from pfam00378 in the structure of it's C-terminus.
S.salar_ehhadh_peroxisomal_bifunctional_enzyme	716	298	472	5.27e-61	pfam02737, 3HCDH_N, 3-hydroxyacyl-CoA dehydrogenase, NAD binding domain.  This family also includes lambda crystallin.
S.salar_ehhadh_peroxisomal_bifunctional_enzyme	716	6	196	3.67e-41	pfam00378, ECH_1, Enoyl-CoA hydratase/isomerase.  This family contains a diverse set of enzymes including: enoyl-CoA hydratase, napthoate synthase, carnitate racemase, 3-hydroxybutyryl-CoA dehydratase and dodecanoyl-CoA delta-isomerase.
S.salar_ehhadh_peroxisomal_bifunctional_enzyme	716	474	575	1.57e-29	pfam00725, 3HCDH, 3-hydroxyacyl-CoA dehydrogenase, C-terminal domain.  This family also includes lambda crystallin. Some proteins include two copies of this domain.
S.salar_ehhadh_peroxisomal_bifunctional_enzyme	716	11	214	1.65e-26	pfam16113, ECH_2, Enoyl-CoA hydratase/isomerase.  This family contains a diverse set of enzymes including: enoyl-CoA hydratase, napthoate synthase, carnitate racemase, 3-hydroxybutyryl-CoA dehydratase and dodecanoyl-CoA delta-isomerase. This family differs from pfam00378 in the structure of it's C-terminus.
S.salar_LOC106610339_hydroxyacylcoenzyme_A_dehydrogenase_mitochon	337	52	237	4.37e-81	pfam02737, 3HCDH_N, 3-hydroxyacyl-CoA dehydrogenase, NAD binding domain.  This family also includes lambda crystallin.
S.salar_LOC106610339_hydroxyacylcoenzyme_A_dehydrogenase_mitochon	337	239	336	1.55e-43	pfam00725, 3HCDH, 3-hydroxyacyl-CoA dehydrogenase, C-terminal domain.  This family also includes lambda crystallin. Some proteins include two copies of this domain.
S.townsendi_HADHA_trifunctional_enzyme_subunit_alpha_mitochondria	658	258	436	4.22e-68	pfam02737, 3HCDH_N, 3-hydroxyacyl-CoA dehydrogenase, NAD binding domain.  This family also includes lambda crystallin.
S.townsendi_HADHA_trifunctional_enzyme_subunit_alpha_mitochondria	658	439	534	3.80e-28	pfam00725, 3HCDH, 3-hydroxyacyl-CoA dehydrogenase, C-terminal domain.  This family also includes lambda crystallin. Some proteins include two copies of this domain.
S.townsendi_HADHA_trifunctional_enzyme_subunit_alpha_mitochondria	658	12	117	8.92e-18	pfam00378, ECH_1, Enoyl-CoA hydratase/isomerase.  This family contains a diverse set of enzymes including: enoyl-CoA hydratase, napthoate synthase, carnitate racemase, 3-hydroxybutyryl-CoA dehydratase and dodecanoyl-CoA delta-isomerase.
S.townsendi_EHHADH_peroxisomal_bifunctional_enzyme	759	332	512	1.10e-63	pfam02737, 3HCDH_N, 3-hydroxyacyl-CoA dehydrogenase, NAD binding domain.  This family also includes lambda crystallin.
S.townsendi_EHHADH_peroxisomal_bifunctional_enzyme	759	39	309	7.76e-41	pfam00378, ECH_1, Enoyl-CoA hydratase/isomerase.  This family contains a diverse set of enzymes including: enoyl-CoA hydratase, napthoate synthase, carnitate racemase, 3-hydroxybutyryl-CoA dehydratase and dodecanoyl-CoA delta-isomerase.
S.townsendi_EHHADH_peroxisomal_bifunctional_enzyme	759	514	618	9.39e-28	pfam00725, 3HCDH, 3-hydroxyacyl-CoA dehydrogenase, C-terminal domain.  This family also includes lambda crystallin. Some proteins include two copies of this domain.
S.townsendi_EHHADH_peroxisomal_bifunctional_enzyme	759	655	741	7.33e-11	pfam00725, 3HCDH, 3-hydroxyacyl-CoA dehydrogenase, C-terminal domain.  This family also includes lambda crystallin. Some proteins include two copies of this domain.
S.townsendi_EHHADH_peroxisomal_bifunctional_enzyme	759	43	274	4.28e-19	pfam16113, ECH_2, Enoyl-CoA hydratase/isomerase.  This family contains a diverse set of enzymes including: enoyl-CoA hydratase, napthoate synthase, carnitate racemase, 3-hydroxybutyryl-CoA dehydratase and dodecanoyl-CoA delta-isomerase. This family differs from pfam00378 in the structure of it's C-terminus.
S.townsendi_HADH_hydroxyacylcoenzyme_A_dehydrogenase_mitochondria	309	24	209	1.19e-71	pfam02737, 3HCDH_N, 3-hydroxyacyl-CoA dehydrogenase, NAD binding domain.  This family also includes lambda crystallin.
S.townsendi_HADH_hydroxyacylcoenzyme_A_dehydrogenase_mitochondria	309	211	308	6.99e-47	pfam00725, 3HCDH, 3-hydroxyacyl-CoA dehydrogenase, C-terminal domain.  This family also includes lambda crystallin. Some proteins include two copies of this domain.
X.laevis_hadh.L_hydroxyacylCoA_dehydrogenase_L_homeolog	313	28	213	3.82e-80	pfam02737, 3HCDH_N, 3-hydroxyacyl-CoA dehydrogenase, NAD binding domain.  This family also includes lambda crystallin.
X.laevis_hadh.L_hydroxyacylCoA_dehydrogenase_L_homeolog	313	215	312	2.86e-45	pfam00725, 3HCDH, 3-hydroxyacyl-CoA dehydrogenase, C-terminal domain.  This family also includes lambda crystallin. Some proteins include two copies of this domain.
X.laevis_ehhadh.S_peroxisomal_bifunctional_enzyme	727	299	480	9.51e-66	pfam02737, 3HCDH_N, 3-hydroxyacyl-CoA dehydrogenase, NAD binding domain.  This family also includes lambda crystallin.
X.laevis_ehhadh.S_peroxisomal_bifunctional_enzyme	727	10	282	9.93e-42	pfam00378, ECH_1, Enoyl-CoA hydratase/isomerase.  This family contains a diverse set of enzymes including: enoyl-CoA hydratase, napthoate synthase, carnitate racemase, 3-hydroxybutyryl-CoA dehydratase and dodecanoyl-CoA delta-isomerase.
X.laevis_ehhadh.S_peroxisomal_bifunctional_enzyme	727	483	586	5.51e-28	pfam00725, 3HCDH, 3-hydroxyacyl-CoA dehydrogenase, C-terminal domain.  This family also includes lambda crystallin. Some proteins include two copies of this domain.
X.laevis_ehhadh.S_peroxisomal_bifunctional_enzyme	727	623	709	3.54e-11	pfam00725, 3HCDH, 3-hydroxyacyl-CoA dehydrogenase, C-terminal domain.  This family also includes lambda crystallin. Some proteins include two copies of this domain.
X.laevis_ehhadh.S_peroxisomal_bifunctional_enzyme	727	11	237	3.69e-27	pfam16113, ECH_2, Enoyl-CoA hydratase/isomerase.  This family contains a diverse set of enzymes including: enoyl-CoA hydratase, napthoate synthase, carnitate racemase, 3-hydroxybutyryl-CoA dehydratase and dodecanoyl-CoA delta-isomerase. This family differs from pfam00378 in the structure of it's C-terminus.
X.laevis_hadha.L_trifunctional_enzyme_subunit_alpha_mitochondrial	760	360	538	6.12e-61	pfam02737, 3HCDH_N, 3-hydroxyacyl-CoA dehydrogenase, NAD binding domain.  This family also includes lambda crystallin.
X.laevis_hadha.L_trifunctional_enzyme_subunit_alpha_mitochondrial	760	541	636	1.78e-29	pfam00725, 3HCDH, 3-hydroxyacyl-CoA dehydrogenase, C-terminal domain.  This family also includes lambda crystallin. Some proteins include two copies of this domain.
X.laevis_hadha.L_trifunctional_enzyme_subunit_alpha_mitochondrial	760	41	251	1.18e-26	pfam00378, ECH_1, Enoyl-CoA hydratase/isomerase.  This family contains a diverse set of enzymes including: enoyl-CoA hydratase, napthoate synthase, carnitate racemase, 3-hydroxybutyryl-CoA dehydratase and dodecanoyl-CoA delta-isomerase.
X.laevis_hadha.S_hydroxyacylCoA_dehydrogenase_trifunctional_multi	760	360	538	2.48e-61	pfam02737, 3HCDH_N, 3-hydroxyacyl-CoA dehydrogenase, NAD binding domain.  This family also includes lambda crystallin.
X.laevis_hadha.S_hydroxyacylCoA_dehydrogenase_trifunctional_multi	760	541	636	1.24e-29	pfam00725, 3HCDH, 3-hydroxyacyl-CoA dehydrogenase, C-terminal domain.  This family also includes lambda crystallin. Some proteins include two copies of this domain.
X.laevis_hadha.S_hydroxyacylCoA_dehydrogenase_trifunctional_multi	760	41	251	1.07e-28	pfam00378, ECH_1, Enoyl-CoA hydratase/isomerase.  This family contains a diverse set of enzymes including: enoyl-CoA hydratase, napthoate synthase, carnitate racemase, 3-hydroxybutyryl-CoA dehydratase and dodecanoyl-CoA delta-isomerase.
